
> alucalculator@0.1.0 build
> next build

Ôû▓ Next.js 16.1.6 (Turbopack)

  Creating an optimized production build ...
Ô£ô Compiled successfully in 10.0s
  Skipping validation of types
  Collecting page data using 15 workers ...
  Generating static pages using 15 workers (0/6) ...
  Generating static pages using 15 workers (1/6) 
  Generating static pages using 15 workers (2/6) 
  Generating static pages using 15 workers (4/6) 
Ô£ô Generating static pages using 15 workers (6/6) in 530.6ms
  Finalizing page optimization ...

Route (app)
Ôöî Ôùï /
Ôö£ Ôùï /_not-found
Ôö£ ãÆ /api/export-dxf
Ôö£ ãÆ /api/export-step
Ôöö Ôùï /icon.svg


Ôùï  (Static)   prerendered as static content
ãÆ  (Dynamic)  server-rendered on demand

