
> alucalculator@0.1.0 build
> next build

Ôû▓ Next.js 16.1.6 (Turbopack)

  Creating an optimized production build ...
node.exe : Ô¿» ERROR: This build is using Turbopack, with a 
`webpack` config and no `turbopack` config.
At line:1 char:1
+ & "C:\Program Files\nodejs/node.exe" "C:\Program Files\nod
ejs/node_mo ...
+ ~~~~~~~~~~~~~~~~~~~~~~~~~~~~~~~~~~~~~~~~~~~~~~~~~~~~~~~~~~
~~~~~~~~~~~
    + CategoryInfo          : NotSpecified: (Ô¿» ERROR: This
    ...bopack` config.:String) [], RemoteException
    + FullyQualifiedErrorId : NativeCommandError
 
   This may be a mistake.

   As of Next.js 16 Turbopack is enabled by default and
   custom webpack configurations may need to be migrated to 
Turbopack.

   NOTE: your `webpack` config may have been added by a conf
iguration plugin.

   To configure Turbopack, see https://nextjs.org/docs/app/a
pi-reference/next-config-js/turbopack

   TIP: Many applications work fine under Turbopack with no 
configuration,
   if that is the case for you, you can silence this error b
y passing the
   `--turbopack` or `--webpack` flag explicitly or simply se
tting an 
   empty turbopack config in your Next config file (e.g. `tu
rbopack: {}`).

> Build error occurred
Error: Call retries were exceeded
    at ignore-listed frames {
  type: 'WorkerError'
}
