
> alucalculator@0.1.0 build
> next build

node.exe : ÔÜá Invalid next.config.ts options detected: 
At line:1 char:1
+ & "C:\Program Files\nodejs/node.exe" "C:\Program Files\node
js/node_mo ...
+ ~~~~~~~~~~~~~~~~~~~~~~~~~~~~~~~~~~~~~~~~~~~~~~~~~~~~~~~~~~~
~~~~~~~~~~
    + CategoryInfo          : NotSpecified: (ÔÜá Invalid nex 
   ...ions detected: :String) [], RemoteException
    + FullyQualifiedErrorId : NativeCommandError
 
ÔÜá     Invalid input at "turbopack.resolveAlias.fs"
ÔÜá     Expected string, received boolean at "turbopack.resol
veAlias.fs"
ÔÜá     Expected array, received boolean at "turbopack.resolv
eAlias.fs"
ÔÜá     Expected object, received boolean at "turbopack.resol
veAlias.fs"
ÔÜá     Invalid input at "turbopack.resolveAlias.path"
ÔÜá     Expected string, received boolean at "turbopack.resol
veAlias.path"
ÔÜá     Expected array, received boolean at "turbopack.resolv
eAlias.path"
ÔÜá     Expected object, received boolean at "turbopack.resol
veAlias.path"
ÔÜá     Invalid input at "turbopack.resolveAlias.url"
ÔÜá     Expected string, received boolean at "turbopack.resol
veAlias.url"
ÔÜá     Expected array, received boolean at "turbopack.resolv
eAlias.url"
ÔÜá     Expected object, received boolean at "turbopack.resol
veAlias.url"
ÔÜá     Invalid input at "turbopack.resolveAlias.module"
ÔÜá     Expected string, received boolean at "turbopack.resol
veAlias.module"
ÔÜá     Expected array, received boolean at "turbopack.resolv
eAlias.module"
ÔÜá     Expected object, received boolean at "turbopack.resol
veAlias.module"
ÔÜá     Invalid input at "turbopack.resolveAlias.a"
ÔÜá     Expected string, received boolean at "turbopack.resol
veAlias.a"
ÔÜá     Expected array, received boolean at "turbopack.resolv
eAlias.a"
ÔÜá     Expected object, received boolean at "turbopack.resol
veAlias.a"
ÔÜá See more info here: https://nextjs.org/docs/messages/inva
lid-next-config
Ôû▓ Next.js 16.1.6 (Turbopack)

  Creating an optimized production build ...

-----
[1m[31mFATAL[39m[0m: An unexpected Turbopack error occurr
ed. A panic log has been written to C:\Users\apo_q\AppData\Lo
cal\Temp\next-panic-b1c01a2da901078a67d03086111a6a5.log.

To help make Turbopack better, report this error by ]8;;http
s://github.com/vercel/next.js/discussions/new?category=turbop
ack-error-report&title=Turbopack%20Error%3A%20Failed%20to%20w
rite%20app%20endpoint%20%2Fpage&body=Turbopack%20version%3A%2
0%6023c46498%60%0ANext.js%20version%3A%20%600.0.0%60%0A%0AErr
or%20message%3A%0A%60%60%60%0AFailed%20to%20write%20app%20end
point%20%2Fpage%0A%0ACaused%20by%3A%0A-%20boolean%20values%20
are%20invalid%20in%20exports%20field%20entries%0A%0ADebug%20i
nfo%3A%0A-%20Execution%20of%20get_all_written_entrypoints_wit
h_issues_operation%20failed%0A-%20Execution%20of%20Entrypoint
sOperation%3A%3Anew%20failed%0A-%20Execution%20of%20all_entry
points_write_to_disk_operation%20failed%0A-%20Execution%20of%
20Project%3A%3Aemit_all_output_assets%20failed%0A-%20Executio
n%20of%20%2Aemit_assets%20failed%0A-%20Execution%20of%20all_a
ssets_from_entries_operation%20failed%0A-%20Execution%20of%20
%2Aall_assets_from_entries%20failed%0A-%20Execution%20of%20ou
tput_assets_operation%20failed%0A-%20Execution%20of%20%3CAppE
ndpoint%20as%20Endpoint%3E%3A%3Aoutput%20failed%0A-%20Failed%
20to%20write%20app%20endpoint%20%2Fpage%0A-%20Execution%20of%
20AppEndpoint%3A%3Aoutput%20failed%0A-%20Execution%20of%20App
Endpoint%3A%3Aapp_page_entry%20failed%0A-%20Execution%20of%20
%2Aget_app_page_entry%20failed%0A-%20Execution%20of%20AppProj
ect%3A%3Arsc_module_context%20failed%0A-%20Execution%20of%20%
2AModuleAssetContext%3A%3Anew%20failed%0A-%20Execution%20of%2
0%2AAppProject%3A%3Aget_rsc_transitions%20failed%0A-%20Execut
ion%20of%20AppProject%3A%3Aecmascript_client_reference_transi
tion%20failed%0A-%20Execution%20of%20%2ANextEcmascriptClientR
eferenceTransition%3A%3Anew%20failed%0A-%20Execution%20of%20A
ppProject%3A%3Aclient_transition%20failed%0A-%20Execution%20o
f%20%2AFullContextTransition%3A%3Anew%20failed%0A-%20Executio
n%20of%20AppProject%3A%3Aclient_module_context%20failed%0A-%2
0Execution%20of%20%2AModuleAssetContext%3A%3Anew%20failed%0A-
%20Execution%20of%20get_client_module_options_context%20faile
d%0A-%20Execution%20of%20%2Aget_jsx_transform_options%20faile
d%0A-%20Execution%20of%20get_client_resolve_options_context%2
0failed%0A-%20Execution%20of%20get_next_client_import_map%20f
ailed%0A-%20Execution%20of%20NextConfig%3A%3Aresolve_alias_op
tions%20failed%0A-%20boolean%20values%20are%20invalid%20in%20
exports%20field%20entries%0A%60%60%60&labels=Turbopack,Turbop
ack%20Panic%20Backtrace\clicking here.]8;;\
-----


> Build error occurred
Error [TurbopackInternalError]: Failed to write app endpoint 
/page

Caused by:
- boolean values are invalid in exports field entries

Debug info:
- Execution of get_all_written_entrypoints_with_issues_operat
ion failed
- Execution of EntrypointsOperation::new failed
- Execution of all_entrypoints_write_to_disk_operation failed
- Execution of Project::emit_all_output_assets failed
- Execution of *emit_assets failed
- Execution of all_assets_from_entries_operation failed
- Execution of *all_assets_from_entries failed
- Execution of output_assets_operation failed
- Execution of <AppEndpoint as Endpoint>::output failed
- Failed to write app endpoint /page
- Execution of AppEndpoint::output failed
- Execution of AppEndpoint::app_page_entry failed
- Execution of *get_app_page_entry failed
- Execution of AppProject::rsc_module_context failed
- Execution of *ModuleAssetContext::new failed
- Execution of *AppProject::get_rsc_transitions failed
- Execution of AppProject::ecmascript_client_reference_transi
tion failed
- Execution of *NextEcmascriptClientReferenceTransition::new 
failed
- Execution of AppProject::client_transition failed
- Execution of *FullContextTransition::new failed
- Execution of AppProject::client_module_context failed
- Execution of *ModuleAssetContext::new failed
- Execution of get_client_module_options_context failed
- Execution of *get_jsx_transform_options failed
- Execution of get_client_resolve_options_context failed
- Execution of get_next_client_import_map failed
- Execution of NextConfig::resolve_alias_options failed
- boolean values are invalid in exports field entries
    at <unknown> (TurbopackInternalError: Failed to write app
 endpoint /page) {
  type: 'TurbopackInternalError',
  location: undefined
}
